<?xml version="1.0" encoding="UTF-8"?>
<!-- Generated by org.testng.reporters.JUnitXMLReporter -->
<testsuite ignored="0" hostname="DESKTOP-PJ8TGSP" failures="1" tests="4" name="Test" time="12.212" errors="0" timestamp="2022-02-28T11:01:44 EET">
  <testcase classname="tests.AmazonMainPageTests2" name="enterProduct" time="0.076"/>
  <testcase classname="tests.AmazonMainPageTests2" name="searchProduct" time="2.27"/>
  <testcase classname="tests.AmazonMainPageTests2" name="add" time="1.724"/>
  <testcase classname="tests.AmazonMainPageTests2" name="myMethod2" time="0.002">
    <failure type="java.lang.AssertionError" message="expected [true] but found [false]">
      <![CDATA[java.lang.AssertionError: expected [true] but found [false]
at tests.AmazonMainPageTests2.myMethod2(AmazonMainPageTests2.java:45)
at java.base/java.util.ArrayList.forEach(ArrayList.java:1541)
... Removed 31 stack frames]]>
    </failure>
  </testcase> <!-- myMethod2 -->
</testsuite> <!-- Test -->
